# RTL_ID 22011200
#
# Events:
#    N - no event
#    E - exception
#    I - interrupt
#    W - wakeup
# =====================================================================================
# : Core Reset
# =====================================================================================
# Test: srl.hex
#           Time   Ev  Curr_PC    Instr      Next_PC    Reg        Value     
# =====================================================================================
               3   N   00000000   00000000   00000200   ---        --------
               6   N   00000200   0000e101   00000204   x10_a0     00000000
               7   N   00000204   00004e01   00000206   ---        --------
               8   N   00000206   00000297   00000208   x28_t3     00000000
               9   N   00000208   fb828293   0000020c   x05_t0     00000208
              10   N   0000020c   30529073   00000210   x05_t0     000001c0
              11   N   00000210   00004505   00000214   ---        --------
              12   N   00000214   0000057e   00000216   x10_a0     00000001
              13   N   00000216   00054863   00000218   x10_a0     80000000
              14   N   00000218   0ff0000f   00000228   ---        --------
              17   N   00000228   00028d63   0000022c   x05_t0     00000000
              18   N   0000022c   10529073   00000246   ---        --------
              22   N   00000246   00020297   0000024a   ---        --------
              23   N   0000024a   00000297   0000024a   ---        --------
              24   N   0000024a   30008293   0000024e   x05_t0     0000024a
              26   N   0000024e   00009073   00000252   x05_t0     000002a0
              28   N   00000252   05622573   00000256   ---        --------
              30   N   00000256   34120073   0000025a   x10_a0     00000000
              33   N   0000025a   00000000   000002a0   ---        --------
              36   N   000002a0   00004101   000002a4   x01_ra     80000000
              37   N   000002a4   0020d1b3   000002a6   x02_sp     00000000
              38   N   000002a6   41010eb7   000002aa   x03_gp     80000000
              40   N   000002aa   00004e09   000002ae   x29_t4     80000000
              41   N   000002ae   45d19763   000002b0   x28_t3     00000002
              42   N   000002b0   800000b7   000002b4   ---        --------
              43   N   000002b4   00004105   000002b8   x01_ra     80000000
              44   N   000002b8   0020d1b3   000002ba   x02_sp     00000001
              45   N   000002ba   41050eb7   000002be   x03_gp     40000000
              47   N   000002be   00004e0d   000002c2   x29_t4     40000000
              48   N   000002c2   43d19d63   000002c4   x28_t3     00000003
              49   N   000002c4   800000b7   000002c8   ---        --------
              50   N   000002c8   0000411d   000002cc   x01_ra     80000000
              51   N   000002cc   0020d1b3   000002ce   x02_sp     00000007
              52   N   000002ce   411d0eb7   000002d2   x03_gp     01000000
              54   N   000002d2   00004e11   000002d6   x29_t4     01000000
              55   N   000002d6   43d19363   000002d8   x28_t3     00000004
              56   N   000002d8   800000b7   000002dc   ---        --------
              57   N   000002dc   00004139   000002e0   x01_ra     80000000
              58   N   000002e0   0020d1b3   000002e2   x02_sp     0000000e
              59   N   000002e2   41390eb7   000002e6   x03_gp     00020000
              61   N   000002e6   00004e15   000002ea   x29_t4     00020000
              62   N   000002ea   41d19963   000002ec   x28_t3     00000005
              63   N   000002ec   800000b7   000002f0   ---        --------
              64   N   000002f0   00000085   000002f4   x01_ra     80000000
              65   N   000002f4   0000417d   000002f6   x01_ra     80000001
              66   N   000002f6   0020d1b3   000002f8   x02_sp     0000001f
              67   N   000002f8   00004e85   000002fc   x03_gp     00000001
              68   N   000002fc   00004e19   000002fe   x29_t4     00000001
              69   N   000002fe   3fd19f63   00000300   x28_t3     00000006
              70   N   00000300   fff00093   00000304   ---        --------
              71   N   00000304   00004101   00000308   x01_ra     ffffffff
              72   N   00000308   0020d1b3   0000030a   x02_sp     00000000
              73   N   0000030a   41010e93   0000030e   x03_gp     ffffffff
              75   N   0000030e   00004e1d   00000312   x29_t4     ffffffff
              76   N   00000312   3fd19563   00000314   x28_t3     00000007
              77   N   00000314   fff00093   00000318   ---        --------
              78   N   00000318   00004105   0000031c   x01_ra     ffffffff
              79   N   0000031c   0020d1b3   0000031e   x02_sp     00000001
              80   N   0000031e   41050eb7   00000322   x03_gp     7fffffff
              82   N   00000322   00001efd   00000326   x29_t4     80000000
              83   N   00000326   00004e21   00000328   x29_t4     7fffffff
              84   N   00000328   3dd19a63   0000032a   x28_t3     00000008
              85   N   0000032a   4e210093   0000032e   ---        --------
              87   N   0000032e   0000411d   00000332   x01_ra     ffffffff
              88   N   00000332   0020d1b3   00000334   x02_sp     00000007
              89   N   00000334   02000eb7   00000338   x03_gp     01ffffff
              90   N   00000338   00001efd   0000033c   x29_t4     02000000
              91   N   0000033c   00004e25   0000033e   x29_t4     01ffffff
              92   N   0000033e   3bd19f63   00000340   x28_t3     00000009
              93   N   00000340   fff00093   00000344   ---        --------
              94   N   00000344   00004139   00000348   x01_ra     ffffffff
              95   N   00000348   0020d1b3   0000034a   x02_sp     0000000e
              96   N   0000034a   41390eb7   0000034e   x03_gp     0003ffff
              98   N   0000034e   00001efd   00000352   x29_t4     00040000
              99   N   00000352   00004e29   00000354   x29_t4     0003ffff
             100   N   00000354   3bd19463   00000356   x28_t3     0000000a
             101   N   00000356   4e290093   0000035a   ---        --------
             103   N   0000035a   0000417d   0000035e   x01_ra     ffffffff
             104   N   0000035e   0020d1b3   00000360   x02_sp     0000001f
             105   N   00000360   00004e85   00000364   x03_gp     00000001
             106   N   00000364   00004e2d   00000366   x29_t4     00000001
             107   N   00000366   39d19b63   00000368   x28_t3     0000000b
             108   N   00000368   212120b7   0000036c   ---        --------
             109   N   0000036c   12108093   00000370   x01_ra     21212000
             110   N   00000370   00004101   00000374   x01_ra     21212121
             111   N   00000374   0020d1b3   00000376   x02_sp     00000000
             112   N   00000376   41012eb7   0000037a   x03_gp     21212121
             114   N   0000037a   00208e93   0000037e   x29_t4     21212000
             116   N   0000037e   00004e31   00000382   x29_t4     21212121
             117   N   00000382   37d19d63   00000384   x28_t3     0000000c
             118   N   00000384   212120b7   00000388   ---        --------
             119   N   00000388   12108093   0000038c   x01_ra     21212000
             120   N   0000038c   00004105   00000390   x01_ra     21212121
             121   N   00000390   0020d1b3   00000392   x02_sp     00000001
             122   N   00000392   41059eb7   00000396   x03_gp     10909090
             124   N   00000396   00208e93   0000039a   x29_t4     10909000
             126   N   0000039a   00004e35   0000039e   x29_t4     10909090
             127   N   0000039e   35d19f63   000003a0   x28_t3     0000000d
             128   N   000003a0   212120b7   000003a4   ---        --------
             129   N   000003a4   12108093   000003a8   x01_ra     21212000
             130   N   000003a8   0000411d   000003ac   x01_ra     21212121
             131   N   000003ac   0020d1b3   000003ae   x02_sp     00000007
             132   N   000003ae   411d4eb7   000003b2   x03_gp     00424242
             134   N   000003b2   00208e93   000003b6   x29_t4     00424000
             136   N   000003b6   00004e39   000003ba   x29_t4     00424242
             137   N   000003ba   35d19163   000003bc   x28_t3     0000000e
             138   N   000003bc   212120b7   000003c0   ---        --------
             139   N   000003c0   12108093   000003c4   x01_ra     21212000
             140   N   000003c4   00004139   000003c8   x01_ra     21212121
             141   N   000003c8   0020d1b3   000003ca   x02_sp     0000000e
             142   N   000003ca   00006ea1   000003ce   x03_gp     00008484
             143   N   000003ce   484e8e93   000003d0   x29_t4     00008000
             144   N   000003d0   00004e3d   000003d4   x29_t4     00008484
             145   N   000003d4   33d19463   000003d6   x28_t3     0000000f
             146   N   000003d6   4e3d20b7   000003da   ---        --------
             148   N   000003da   33d18093   000003de   x01_ra     21212000
             150   N   000003de   0000417d   000003e2   x01_ra     21212121
             151   N   000003e2   0020d1b3   000003e4   x02_sp     0000001f
             152   N   000003e4   00004e81   000003e8   x03_gp     00000000
             153   N   000003e8   00004e41   000003ea   x29_t4     00000000
             154   N   000003ea   31d19963   000003ec   x28_t3     00000010
             155   N   000003ec   212120b7   000003f0   ---        --------
             156   N   000003f0   12108093   000003f4   x01_ra     21212000
             157   N   000003f4   fc000113   000003f8   x01_ra     21212121
             158   N   000003f8   0020d1b3   000003fc   x02_sp     ffffffc0
             159   N   000003fc   21212eb7   00000400   x03_gp     21212121
             160   N   00000400   121e8e93   00000404   x29_t4     21212000
             161   N   00000404   00004e45   00000408   x29_t4     21212121
             162   N   00000408   2fd19a63   0000040a   x28_t3     00000011
             163   N   0000040a   4e4520b7   0000040e   ---        --------
             165   N   0000040e   2fd18093   00000412   x01_ra     21212000
             167   N   00000412   21210113   00000416   x01_ra     21212121
             169   N   00000416   1210d1b3   0000041a   x02_sp     ffffffc1
             171   N   0000041a   fc109eb7   0000041e   x03_gp     10909090
             173   N   0000041e   00208e93   00000422   x29_t4     10909000
             175   N   00000422   00004e49   00000426   x29_t4     10909090
             176   N   00000426   2dd19b63   00000428   x28_t3     00000012
             177   N   00000428   212120b7   0000042c   ---        --------
             178   N   0000042c   12108093   00000430   x01_ra     21212000
             179   N   00000430   fc700113   00000434   x01_ra     21212121
             180   N   00000434   0020d1b3   00000438   x02_sp     ffffffc7
             181   N   00000438   00424eb7   0000043c   x03_gp     00424242
             182   N   0000043c   242e8e93   00000440   x29_t4     00424000
             183   N   00000440   00004e4d   00000444   x29_t4     00424242
             184   N   00000444   2bd19c63   00000446   x28_t3     00000013
             185   N   00000446   4e4d20b7   0000044a   ---        --------
             187   N   0000044a   2bd18093   0000044e   x01_ra     21212000
             189   N   0000044e   21210113   00000452   x01_ra     21212121
             191   N   00000452   1210d1b3   00000456   x02_sp     ffffffce
             193   N   00000456   00006ea1   0000045a   x03_gp     00008484
             194   N   0000045a   484e8e93   0000045c   x29_t4     00008000
             195   N   0000045c   00004e51   00000460   x29_t4     00008484
             196   N   00000460   29d19e63   00000462   x28_t3     00000014
             197   N   00000462   4e5120b7   00000466   ---        --------
             199   N   00000466   29d18093   0000046a   x01_ra     21212000
             201   N   0000046a   21210113   0000046e   x01_ra     21212121
             203   N   0000046e   1210d1b3   00000472   x02_sp     ffffffff
             205   N   00000472   00004e81   00000476   x03_gp     00000000
             206   N   00000476   00004e55   00000478   x29_t4     00000000
             207   N   00000478   29d19263   0000047a   x28_t3     00000015
             208   N   0000047a   4e5500b7   0000047e   ---        --------
             210   N   0000047e   0000411d   00000482   x01_ra     80000000
             211   N   00000482   0020d0b3   00000484   x02_sp     00000007
             212   N   00000484   01000eb7   00000488   x01_ra     01000000
             213   N   00000488   00004e59   0000048c   x29_t4     01000000
             214   N   0000048c   27d09863   0000048e   x28_t3     00000016
             215   N   0000048e   4e5900b7   00000492   ---        --------
             217   N   00000492   00004139   00000496   x01_ra     80000000
             218   N   00000496   0020d133   00000498   x02_sp     0000000e
             219   N   00000498   00020eb7   0000049c   x02_sp     00020000
             220   N   0000049c   00004e5d   000004a0   x29_t4     00020000
             221   N   000004a0   25d11e63   000004a2   x28_t3     00000017
             222   N   000004a2   0000409d   000004a6   ---        --------
             223   N   000004a6   0010d0b3   000004a8   x01_ra     00000007
             224   N   000004a8   00004e81   000004ac   x01_ra     00000000
             225   N   000004ac   00004e61   000004ae   x29_t4     00000000
             226   N   000004ae   25d09763   000004b0   x28_t3     00000018
             227   N   000004b0   00004201   000004b4   ---        --------
             228   N   000004b4   800000b7   000004b6   x04_tp     00000000
             229   N   000004b6   0000411d   000004ba   x01_ra     80000000
             230   N   000004ba   0020d1b3   000004bc   x02_sp     00000007
             231   N   000004bc   00018313   000004c0   x03_gp     01000000
             232   N   000004c0   00000205   000004c4   x06_t1     01000000
             233   N   000004c4   00004289   000004c6   x04_tp     00000001
             234   N   000004c6   fe5217e3   000004c8   x05_t0     00000002
             235   N   000004c8   01000eb7   000004b6   ---        --------
             239   N   000004b6   0000411d   000004ba   x01_ra     80000000
             240   N   000004ba   0020d1b3   000004bc   x02_sp     00000007
             241   N   000004bc   00018313   000004c0   x03_gp     01000000
             242   N   000004c0   00000205   000004c4   x06_t1     01000000
             243   N   000004c4   00004289   000004c6   x04_tp     00000002
             244   N   000004c6   fe5217e3   000004c8   x05_t0     00000002
             245   N   000004c8   01000eb7   000004cc   ---        --------
             246   N   000004cc   00004e65   000004d0   x29_t4     01000000
             247   N   000004d0   23d31663   000004d2   x28_t3     00000019
             248   N   000004d2   00004201   000004d6   ---        --------
             249   N   000004d6   800000b7   000004d8   x04_tp     00000000
             250   N   000004d8   00004139   000004dc   x01_ra     80000000
             251   N   000004dc   0020d1b3   000004de   x02_sp     0000000e
             252   N   000004de   00000001   000004e2   x03_gp     00020000
             253   N   000004e2   00018313   000004e4   ---        --------
             254   N   000004e4   00000205   000004e8   x06_t1     00020000
             255   N   000004e8   00004289   000004ea   x04_tp     00000001
             256   N   000004ea   fe5216e3   000004ec   x05_t0     00000002
             257   N   000004ec   00020eb7   000004d8   ---        --------
             260   N   000004d8   00004139   000004dc   x01_ra     80000000
             261   N   000004dc   0020d1b3   000004de   x02_sp     0000000e
             262   N   000004de   00000001   000004e2   x03_gp     00020000
             263   N   000004e2   00018313   000004e4   ---        --------
             264   N   000004e4   00000205   000004e8   x06_t1     00020000
             265   N   000004e8   00004289   000004ea   x04_tp     00000002
             266   N   000004ea   fe5216e3   000004ec   x05_t0     00000002
             267   N   000004ec   00020eb7   000004f0   ---        --------
             268   N   000004f0   00004e69   000004f4   x29_t4     00020000
             269   N   000004f4   21d31463   000004f6   x28_t3     0000001a
             270   N   000004f6   00004201   000004fa   ---        --------
             271   N   000004fa   800000b7   000004fc   x04_tp     00000000
             272   N   000004fc   0000417d   00000500   x01_ra     80000000
             273   N   00000500   0020d1b3   00000502   x02_sp     0000001f
             274   N   00000502   00000001   00000506   x03_gp     00000001
             275   N   00000506   00000001   00000508   ---        --------
             276   N   00000508   00018313   0000050a   ---        --------
             277   N   0000050a   00000205   0000050e   x06_t1     00000001
             278   N   0000050e   00004289   00000510   x04_tp     00000001
             279   N   00000510   fe5215e3   00000512   x05_t0     00000002
             280   N   00000512   00004e85   000004fc   ---        --------
             283   N   000004fc   0000417d   00000500   x01_ra     80000000
             284   N   00000500   0020d1b3   00000502   x02_sp     0000001f
             285   N   00000502   00000001   00000506   x03_gp     00000001
             286   N   00000506   00000001   00000508   ---        --------
             287   N   00000508   00018313   0000050a   ---        --------
             288   N   0000050a   00000205   0000050e   x06_t1     00000001
             289   N   0000050e   00004289   00000510   x04_tp     00000002
             290   N   00000510   fe5215e3   00000512   x05_t0     00000002
             291   N   00000512   00004e85   00000516   ---        --------
             292   N   00000516   00004e6d   00000518   x29_t4     00000001
             293   N   00000518   1fd31263   0000051a   x28_t3     0000001b
             294   N   0000051a   00004201   0000051e   ---        --------
             295   N   0000051e   800000b7   00000520   x04_tp     00000000
             296   N   00000520   0000411d   00000524   x01_ra     80000000
             297   N   00000524   0020d1b3   00000526   x02_sp     00000007
             298   N   00000526   00000205   0000052a   x03_gp     01000000
             299   N   0000052a   00004289   0000052c   x04_tp     00000001
             300   N   0000052c   fe5219e3   0000052e   x05_t0     00000002
             301   N   0000052e   42890eb7   00000520   ---        --------
             304   N   00000520   0000411d   00000524   x01_ra     80000000
             305   N   00000524   0020d1b3   00000526   x02_sp     00000007
             306   N   00000526   00000205   0000052a   x03_gp     01000000
             307   N   0000052a   00004289   0000052c   x04_tp     00000002
             308   N   0000052c   fe5219e3   0000052e   x05_t0     00000002
             309   N   0000052e   42890eb7   00000532   ---        --------
             311   N   00000532   00004e71   00000536   x29_t4     01000000
             312   N   00000536   1dd19363   00000538   x28_t3     0000001c
             313   N   00000538   00004201   0000053c   ---        --------
             314   N   0000053c   800000b7   0000053e   x04_tp     00000000
             315   N   0000053e   00004139   00000542   x01_ra     80000000
             316   N   00000542   00000001   00000544   x02_sp     0000000e
             317   N   00000544   0020d1b3   00000546   ---        --------
             318   N   00000546   00000205   0000054a   x03_gp     00020000
             319   N   0000054a   00004289   0000054c   x04_tp     00000001
             320   N   0000054c   fe5218e3   0000054e   x05_t0     00000002
             321   N   0000054e   42890eb7   0000053e   ---        --------
             325   N   0000053e   00004139   00000542   x01_ra     80000000
             326   N   00000542   00000001   00000544   x02_sp     0000000e
             327   N   00000544   0020d1b3   00000546   ---        --------
             328   N   00000546   00000205   0000054a   x03_gp     00020000
             329   N   0000054a   00004289   0000054c   x04_tp     00000002
             330   N   0000054c   fe5218e3   0000054e   x05_t0     00000002
             331   N   0000054e   42890eb7   00000552   ---        --------
             333   N   00000552   00004e75   00000556   x29_t4     00020000
             334   N   00000556   1bd19363   00000558   x28_t3     0000001d
             335   N   00000558   00004201   0000055c   ---        --------
             336   N   0000055c   800000b7   0000055e   x04_tp     00000000
             337   N   0000055e   0000417d   00000562   x01_ra     80000000
             338   N   00000562   00000001   00000564   x02_sp     0000001f
             339   N   00000564   00000001   00000566   ---        --------
             340   N   00000566   0020d1b3   00000568   ---        --------
             341   N   00000568   00000205   0000056c   x03_gp     00000001
             342   N   0000056c   00004289   0000056e   x04_tp     00000001
             343   N   0000056e   fe5217e3   00000570   x05_t0     00000002
             344   N   00000570   00004e85   0000055e   ---        --------
             348   N   0000055e   0000417d   00000562   x01_ra     80000000
             349   N   00000562   00000001   00000564   x02_sp     0000001f
             350   N   00000564   00000001   00000566   ---        --------
             351   N   00000566   0020d1b3   00000568   ---        --------
             352   N   00000568   00000205   0000056c   x03_gp     00000001
             353   N   0000056c   00004289   0000056e   x04_tp     00000002
             354   N   0000056e   fe5217e3   00000570   x05_t0     00000002
             355   N   00000570   00004e85   00000574   ---        --------
             356   N   00000574   00004e79   00000576   x29_t4     00000001
             357   N   00000576   19d19363   00000578   x28_t3     0000001e
             358   N   00000578   00004201   0000057c   ---        --------
             359   N   0000057c   800000b7   0000057e   x04_tp     00000000
             360   N   0000057e   00000001   00000582   x01_ra     80000000
             361   N   00000582   0000411d   00000584   ---        --------
             362   N   00000584   0020d1b3   00000586   x02_sp     00000007
             363   N   00000586   00000205   0000058a   x03_gp     01000000
             364   N   0000058a   00004289   0000058c   x04_tp     00000001
             365   N   0000058c   fe5218e3   0000058e   x05_t0     00000002
             366   N   0000058e   42890eb7   0000057e   ---        --------
             370   N   0000057e   00000001   00000582   x01_ra     80000000
             371   N   00000582   0000411d   00000584   ---        --------
             372   N   00000584   0020d1b3   00000586   x02_sp     00000007
             373   N   00000586   00000205   0000058a   x03_gp     01000000
             374   N   0000058a   00004289   0000058c   x04_tp     00000002
             375   N   0000058c   fe5218e3   0000058e   x05_t0     00000002
             376   N   0000058e   42890eb7   00000592   ---        --------
             378   N   00000592   00004e7d   00000596   x29_t4     01000000
             379   N   00000596   17d19363   00000598   x28_t3     0000001f
             380   N   00000598   00004201   0000059c   ---        --------
             381   N   0000059c   800000b7   0000059e   x04_tp     00000000
             382   N   0000059e   00000001   000005a2   x01_ra     80000000
             383   N   000005a2   00004139   000005a4   ---        --------
             384   N   000005a4   00000001   000005a6   x02_sp     0000000e
             385   N   000005a6   0020d1b3   000005a8   ---        --------
             386   N   000005a8   00000205   000005ac   x03_gp     00020000
             387   N   000005ac   00004289   000005ae   x04_tp     00000001
             388   N   000005ae   fe5217e3   000005b0   x05_t0     00000002
             389   N   000005b0   00020eb7   0000059e   ---        --------
             393   N   0000059e   00000001   000005a2   x01_ra     80000000
             394   N   000005a2   00004139   000005a4   ---        --------
             395   N   000005a4   00000001   000005a6   x02_sp     0000000e
             396   N   000005a6   0020d1b3   000005a8   ---        --------
             397   N   000005a8   00000205   000005ac   x03_gp     00020000
             398   N   000005ac   00004289   000005ae   x04_tp     00000002
             399   N   000005ae   fe5217e3   000005b0   x05_t0     00000002
             400   N   000005b0   00020eb7   000005b4   ---        --------
             401   N   000005b4   02000e13   000005b8   x29_t4     00020000
             402   N   000005b8   15d19163   000005bc   x28_t3     00000020
             403   N   000005bc   00004201   000005c0   ---        --------
             404   N   000005c0   800000b7   000005c2   x04_tp     00000000
             405   N   000005c2   00000001   000005c6   x01_ra     80000000
             406   N   000005c6   00000001   000005c8   ---        --------
             407   N   000005c8   0000417d   000005ca   ---        --------
             408   N   000005ca   0020d1b3   000005cc   x02_sp     0000001f
             409   N   000005cc   00000205   000005d0   x03_gp     00000001
             410   N   000005d0   00004289   000005d2   x04_tp     00000001
             411   N   000005d2   fe5217e3   000005d4   x05_t0     00000002
             412   N   000005d4   00004e85   000005c2   ---        --------
             416   N   000005c2   00000001   000005c6   x01_ra     80000000
             417   N   000005c6   00000001   000005c8   ---        --------
             418   N   000005c8   0000417d   000005ca   ---        --------
             419   N   000005ca   0020d1b3   000005cc   x02_sp     0000001f
             420   N   000005cc   00000205   000005d0   x03_gp     00000001
             421   N   000005d0   00004289   000005d2   x04_tp     00000002
             422   N   000005d2   fe5217e3   000005d4   x05_t0     00000002
             423   N   000005d4   00004e85   000005d8   ---        --------
             424   N   000005d8   02100e13   000005da   x29_t4     00000001
             425   N   000005da   4e859063   000005de   x28_t3     00000021
             427   N   000005de   00004201   000005e2   ---        --------
             428   N   000005e2   0000411d   000005e4   x04_tp     00000000
             429   N   000005e4   800000b7   000005e6   x02_sp     00000007
             430   N   000005e6   411dd1b3   000005ea   x01_ra     80000000
             432   N   000005ea   00000205   000005ee   x03_gp     01000000
             433   N   000005ee   00004289   000005f0   x04_tp     00000001
             434   N   000005f0   fe5219e3   000005f2   x05_t0     00000002
             435   N   000005f2   42890eb7   000005e4   ---        --------
             438   N   000005e4   800000b7   000005e6   x02_sp     00000007
             439   N   000005e6   411dd1b3   000005ea   x01_ra     80000000
             441   N   000005ea   00000205   000005ee   x03_gp     01000000
             442   N   000005ee   00004289   000005f0   x04_tp     00000002
             443   N   000005f0   fe5219e3   000005f2   x05_t0     00000002
             444   N   000005f2   42890eb7   000005f6   ---        --------
             446   N   000005f6   fe520e13   000005fa   x29_t4     01000000
             448   N   000005fa   01009063   000005fe   x28_t3     00000022
             450   N   000005fe   00004201   00000602   ---        --------
             451   N   00000602   00004139   00000604   x04_tp     00000000
             452   N   00000604   800000b7   00000606   x02_sp     0000000e
             453   N   00000606   00000001   0000060a   x01_ra     80000000
             454   N   0000060a   0020d1b3   0000060c   ---        --------
             455   N   0000060c   00000205   00000610   x03_gp     00020000
             456   N   00000610   00004289   00000612   x04_tp     00000001
             457   N   00000612   fe5218e3   00000614   x05_t0     00000002
             458   N   00000614   00020eb7   00000604   ---        --------
             461   N   00000604   800000b7   00000606   x02_sp     0000000e
             462   N   00000606   00000001   0000060a   x01_ra     80000000
             463   N   0000060a   0020d1b3   0000060c   ---        --------
             464   N   0000060c   00000205   00000610   x03_gp     00020000
             465   N   00000610   00004289   00000612   x04_tp     00000002
             466   N   00000612   fe5218e3   00000614   x05_t0     00000002
             467   N   00000614   00020eb7   00000618   ---        --------
             468   N   00000618   02300e13   0000061c   x29_t4     00020000
             469   N   0000061c   0dd19f63   00000620   x28_t3     00000023
             470   N   00000620   00004201   00000624   ---        --------
             471   N   00000624   0000417d   00000626   x04_tp     00000000
             472   N   00000626   800000b7   00000628   x02_sp     0000001f
             473   N   00000628   00000001   0000062c   x01_ra     80000000
             474   N   0000062c   00000001   0000062e   ---        --------
             475   N   0000062e   0020d1b3   00000630   ---        --------
             476   N   00000630   00000205   00000634   x03_gp     00000001
             477   N   00000634   00004289   00000636   x04_tp     00000001
             478   N   00000636   fe5217e3   00000638   x05_t0     00000002
             479   N   00000638   00004e85   00000626   ---        --------
             482   N   00000626   800000b7   00000628   x02_sp     0000001f
             483   N   00000628   00000001   0000062c   x01_ra     80000000
             484   N   0000062c   00000001   0000062e   ---        --------
             485   N   0000062e   0020d1b3   00000630   ---        --------
             486   N   00000630   00000205   00000634   x03_gp     00000001
             487   N   00000634   00004289   00000636   x04_tp     00000002
             488   N   00000636   fe5217e3   00000638   x05_t0     00000002
             489   N   00000638   00004e85   0000063c   ---        --------
             490   N   0000063c   02400e13   0000063e   x29_t4     00000001
             491   N   0000063e   4e859e63   00000642   x28_t3     00000024
             493   N   00000642   00004201   00000646   ---        --------
             494   N   00000646   0000411d   00000648   x04_tp     00000000
             495   N   00000648   00000001   0000064a   x02_sp     00000007
             496   N   0000064a   800000b7   0000064c   ---        --------
             497   N   0000064c   0020d1b3   00000650   x01_ra     80000000
             498   N   00000650   00000205   00000654   x03_gp     01000000
             499   N   00000654   00004289   00000656   x04_tp     00000001
             500   N   00000656   fe5218e3   00000658   x05_t0     00000002
             501   N   00000658   01000eb7   00000648   ---        --------
             504   N   00000648   00000001   0000064a   x02_sp     00000007
             505   N   0000064a   800000b7   0000064c   ---        --------
             506   N   0000064c   0020d1b3   00000650   x01_ra     80000000
             507   N   00000650   00000205   00000654   x03_gp     01000000
             508   N   00000654   00004289   00000656   x04_tp     00000002
             509   N   00000656   fe5218e3   00000658   x05_t0     00000002
             510   N   00000658   01000eb7   0000065c   ---        --------
             511   N   0000065c   02500e13   00000660   x29_t4     01000000
             512   N   00000660   09d19d63   00000664   x28_t3     00000025
             513   N   00000664   00004201   00000668   ---        --------
             514   N   00000668   00004139   0000066a   x04_tp     00000000
             515   N   0000066a   00000001   0000066c   x02_sp     0000000e
             516   N   0000066c   800000b7   0000066e   ---        --------
             517   N   0000066e   00000001   00000672   x01_ra     80000000
             518   N   00000672   0020d1b3   00000674   ---        --------
             519   N   00000674   00000205   00000678   x03_gp     00020000
             520   N   00000678   00004289   0000067a   x04_tp     00000001
             521   N   0000067a   fe5217e3   0000067c   x05_t0     00000002
             522   N   0000067c   00020eb7   0000066a   ---        --------
             525   N   0000066a   00000001   0000066c   x02_sp     0000000e
             526   N   0000066c   800000b7   0000066e   ---        --------
             527   N   0000066e   00000001   00000672   x01_ra     80000000
             528   N   00000672   0020d1b3   00000674   ---        --------
             529   N   00000674   00000205   00000678   x03_gp     00020000
             530   N   00000678   00004289   0000067a   x04_tp     00000002
             531   N   0000067a   fe5217e3   0000067c   x05_t0     00000002
             532   N   0000067c   00020eb7   00000680   ---        --------
             533   N   00000680   02600e13   00000684   x29_t4     00020000
             534   N   00000684   07d19b63   00000688   x28_t3     00000026
             535   N   00000688   00004201   0000068c   ---        --------
             536   N   0000068c   0000417d   0000068e   x04_tp     00000000
             537   N   0000068e   00000001   00000690   x02_sp     0000001f
             538   N   00000690   00000001   00000692   ---        --------
             539   N   00000692   800000b7   00000694   ---        --------
             540   N   00000694   0020d1b3   00000698   x01_ra     80000000
             541   N   00000698   00000205   0000069c   x03_gp     00000001
             542   N   0000069c   00004289   0000069e   x04_tp     00000001
             543   N   0000069e   fe5217e3   000006a0   x05_t0     00000002
             544   N   000006a0   00004e85   0000068e   ---        --------
             547   N   0000068e   00000001   00000690   x02_sp     0000001f
             548   N   00000690   00000001   00000692   ---        --------
             549   N   00000692   800000b7   00000694   ---        --------
             550   N   00000694   0020d1b3   00000698   x01_ra     80000000
             551   N   00000698   00000205   0000069c   x03_gp     00000001
             552   N   0000069c   00004289   0000069e   x04_tp     00000002
             553   N   0000069e   fe5217e3   000006a0   x05_t0     00000002
             554   N   000006a0   00004e85   000006a4   ---        --------
             555   N   000006a4   02700e13   000006a6   x29_t4     00000001
             556   N   000006a6   4e859a63   000006aa   x28_t3     00000027
             558   N   000006aa   000040bd   000006ae   ---        --------
             559   N   000006ae   00105133   000006b0   x01_ra     0000000f
             560   N   000006b0   00004e81   000006b4   x02_sp     00000000
             561   N   000006b4   02800e13   000006b6   x29_t4     00000000
             562   N   000006b6   4e811263   000006ba   x28_t3     00000028
             564   N   000006ba   02800093   000006be   ---        --------
             566   N   000006be   05d1d133   000006c2   x01_ra     00000020
             568   N   000006c2   02000e93   000006c6   x02_sp     00000020
             570   N   000006c6   00000e13   000006ca   x29_t4     00000020
             572   N   000006ca   02001863   000006ce   x28_t3     00000029
             574   N   000006ce   029050b3   000006d2   ---        --------
             576   N   000006d2   00004e81   000006d6   x01_ra     00000000
             577   N   000006d6   02a00e13   000006d8   x29_t4     00000000
             578   N   000006d8   03d09163   000006dc   x28_t3     0000002a
             579   N   000006dc   40000093   000006e0   ---        --------
             580   N   000006e0   00001137   000006e4   x01_ra     00000400
             581   N   000006e4   80010113   000006e8   x02_sp     00001000
             582   N   000006e8   0020d033   000006ec   x02_sp     00000800
             583   N   000006ec   00004e81   000006f0   ---        --------
             584   N   000006f0   02b00e13   000006f2   x29_t4     00000000
             585   N   000006f2   4e811463   000006f6   x28_t3     0000002b
             587   N   000006f6   02b01863   000006fa   ---        --------
             589   N   000006fa   01d0000f   0000070a   ---        --------
             593   N   0000070a   000085f2   0000070e   ---        --------
             594   N   0000070e   00004501   00000710   x11_a1     0000002b
             595   N   00000710   00000073   00000712   x10_a0     00000000
             596   E   00000712   45010073   000001c0   mstatus    00001800
             596   E   00000712   45010073   000001c0   mepc       00000712
             596   E   00000712   45010073   000001c0   mcause     0000000b
             596   E   00000712   45010073   000001c0   mtval      00000000
             599   N   000001c0   000047a1   000001c4   x14_a4     0000000b
             600   N   000001c4   02f70263   000001c6   x15_a5     00000008
             601   N   000001c6   000047a5   000001ca   ---        --------
             602   N   000001ca   00f70f63   000001cc   x15_a5     00000009
             603   N   000001cc   000047ad   000001d0   ---        --------
             604   N   000001d0   00f70c63   000001d2   x15_a5     0000000b
             605   N   000001d2   47ad0713   000001ea   ---        --------
             609   N   000001ea   07130013   00000720   ---        --------
             612   N   00000720   9d428293   00000724   x05_t0     00000720
             613   N   00000724   00008282   00000728   x05_t0     000000f4
             614   N   00000728   00000013   000000f4   ---        --------
             617   N   000000f4   0000006f   000000f8   ---        --------
             618   N   000000f8   ffffffff   000000f8   ---        --------
